<?xml version="1.0" encoding="UTF-8"?>
<!-- Generated by org.testng.reporters.JUnitReportReporter -->
<testsuite hostname="ManigandanG" failures="1" tests="3" name="cucumberoptions.RunnerClass" time="29.074" errors="0" timestamp="2024-06-23T21:28:27 IST" skipped="0">
  <testcase classname="cucumberoptions.RunnerClass" name="runScenario" time="7.508">
    <failure message="expected [No data] but found [Beetroot]" type="java.lang.AssertionError">
      <![CDATA[java.lang.AssertionError: expected [No data] but found [Beetroot]
at org.testng.Assert.fail(Assert.java:111)
at org.testng.Assert.failNotEquals(Assert.java:1578)
at org.testng.Assert.assertEqualsImpl(Assert.java:150)
at org.testng.Assert.assertEquals(Assert.java:132)
at org.testng.Assert.assertEquals(Assert.java:656)
at org.testng.Assert.assertEquals(Assert.java:666)
at stepdefinitions.GKTopDealsPage.validate_the_product_name_of_home_page_and_top_deals_page(GKTopDealsPage.java:42)
at ✽.validate the product name of home page and top deals page(file:///C:/Users/manir/eclipse-workspace/Demo/Features/productSearch.feature:8)
]]>
    </failure>
  </testcase> <!-- runScenario -->
  <testcase classname="cucumberoptions.RunnerClass" name="runScenario" time="14.047"/>
  <testcase classname="cucumberoptions.RunnerClass" name="runScenario" time="7.519"/>
</testsuite> <!-- cucumberoptions.RunnerClass -->
